2020-05-03 14:56:46 [127.0.0.1][-][-][error][yii\web\HttpException:404] yii\base\InvalidRouteException: Unable to resolve the request "". in D:\openserver\OSPanel\domains\mySait\basic\vendor\yiisoft\yii2\base\Module.php:537
Stack trace:
#0 D:\openserver\OSPanel\domains\mySait\basic\vendor\yiisoft\yii2\web\Application.php(103): yii\base\Module->runAction('', Array)
#1 D:\openserver\OSPanel\domains\mySait\basic\vendor\yiisoft\yii2\base\Application.php(386): yii\web\Application->handleRequest(Object(yii\web\Request))
#2 D:\openserver\OSPanel\domains\mySait\basic\web\index.php(12): yii\base\Application->run()
#3 {main}

Next yii\web\NotFoundHttpException: Страница не найдена. in D:\openserver\OSPanel\domains\mySait\basic\vendor\yiisoft\yii2\web\Application.php:115
Stack trace:
#0 D:\openserver\OSPanel\domains\mySait\basic\vendor\yiisoft\yii2\base\Application.php(386): yii\web\Application->handleRequest(Object(yii\web\Request))
#1 D:\openserver\OSPanel\domains\mySait\basic\web\index.php(12): yii\base\Application->run()
#2 {main}
2020-05-03 14:56:46 [127.0.0.1][-][-][info][application] $_GET = []

$_POST = []

$_FILES = []

$_COOKIE = [
    '_csrf' => 'bbc48c36db46f947e9bd56076258017b967d1dcb7e067e31af38dacddf75cfaea:2:{i:0;s:5:\"_csrf\";i:1;s:32:\"ys9vIg7vsuyXzVwRdjCajXu4oZ3PUdqi\";}'
]

$_SERVER = [
    'REDIRECT_STATUS' => '200'
    'HTTP_HOST' => 'mysait'
    'HTTP_CONNECTION' => 'keep-alive'
    'HTTP_UPGRADE_INSECURE_REQUESTS' => '1'
    'HTTP_USER_AGENT' => 'Mozilla/5.0 (Windows NT 10.0; WOW64) AppleWebKit/537.36 (KHTML, like Gecko) Chrome/68.0.3440.106 Safari/537.36'
    'HTTP_ACCEPT' => 'text/html,application/xhtml+xml,application/xml;q=0.9,image/webp,image/apng,*/*;q=0.8'
    'HTTP_REFERER' => 'http://mysait/'
    'HTTP_ACCEPT_ENCODING' => 'gzip, deflate'
    'HTTP_ACCEPT_LANGUAGE' => 'ru,en-US;q=0.9,en;q=0.8'
    'HTTP_COOKIE' => '_csrf=bbc48c36db46f947e9bd56076258017b967d1dcb7e067e31af38dacddf75cfaea%3A2%3A%7Bi%3A0%3Bs%3A5%3A%22_csrf%22%3Bi%3A1%3Bs%3A32%3A%22ys9vIg7vsuyXzVwRdjCajXu4oZ3PUdqi%22%3B%7D'
    'PATH' => 'd:\\openserver\\ospanel\\modules\\php\\PHP-7.2-x64\\ext;d:\\openserver\\ospanel\\modules\\php\\PHP-7.2-x64\\pear;d:\\openserver\\ospanel\\modules\\php\\PHP-7.2-x64\\pear\\bin;d:\\openserver\\ospanel\\modules\\php\\PHP-7.2-x64;d:\\openserver\\ospanel\\modules\\imagemagick;d:\\openserver\\ospanel\\modules\\wget\\bin;d:\\openserver\\ospanel\\modules\\git;d:\\openserver\\ospanel\\modules\\git\\bin;d:\\openserver\\ospanel\\modules\\git\\mingw\\bin;d:\\openserver\\ospanel\\modules\\git\\cmd;d:\\openserver\\ospanel\\modules\\database\\MySQL-5.7-x64\\bin;d:\\openserver\\ospanel\\modules\\http\\Apache-PHP-7.2-x64\\bin;d:\\openserver\\ospanel\\modules\\http\\Apache-PHP-7.2-x64;C:\\Windows\\system32;C:\\Windows;C:\\Windows\\system32\\Wbem;C:\\Windows\\SysWOW64'
    'SystemRoot' => 'C:\\Windows'
    'COMSPEC' => 'C:\\Windows\\system32\\cmd.exe'
    'PATHEXT' => '.COM;.EXE;.BAT;.CMD;.VBS;.VBE;.JS;.JSE;.WSF;.WSH;.MSC'
    'WINDIR' => 'C:\\Windows'
    'SERVER_SIGNATURE' => ''
    'SERVER_SOFTWARE' => 'Apache'
    'SERVER_NAME' => 'mysait'
    'SERVER_ADDR' => '127.0.0.1'
    'SERVER_PORT' => '80'
    'REMOTE_ADDR' => '127.0.0.1'
    'DOCUMENT_ROOT' => 'D:/openserver/OSPanel/domains/mySait'
    'REQUEST_SCHEME' => 'http'
    'CONTEXT_PREFIX' => ''
    'CONTEXT_DOCUMENT_ROOT' => 'D:/openserver/OSPanel/domains/mySait'
    'SERVER_ADMIN' => '[no address given]'
    'SCRIPT_FILENAME' => 'D:/openserver/OSPanel/domains/mySait/basic/web/index.php'
    'REMOTE_PORT' => '6697'
    'REDIRECT_URL' => '/basic/'
    'GATEWAY_INTERFACE' => 'CGI/1.1'
    'SERVER_PROTOCOL' => 'HTTP/1.1'
    'REQUEST_METHOD' => 'GET'
    'QUERY_STRING' => ''
    'REQUEST_URI' => '/basic/'
    'SCRIPT_NAME' => '/basic/web/index.php'
    'PHP_SELF' => '/basic/web/index.php'
    'REQUEST_TIME_FLOAT' => 1588507006.333
    'REQUEST_TIME' => 1588507006
    'argv' => []
    'argc' => 0
]
